[Header]
Signature=VISE
Version=0001
RemoveInUseFiles=0
RegistryKeyName=Quake III Arena and  Quake III Team Arena Game Source
Product Name=Quake III Arena and  Quake III Team Arena Game Source
[WinNT]
AdminPrivileges=1
[Directories2]
0=c:\quake3
count=48
1=c:\quake3\source
2=c:\quake3\source\ui
3=c:\quake3\source\code
4=c:\quake3\source\code\cgame
5=c:\quake3\source\code\game
6=c:\quake3\source\code\q3_ui
7=c:\quake3\source\code\ui
8=c:\quake3\source\bin
9=c:\quake3\source\lcc
10=c:\quake3\source\lcc\bin
11=c:\quake3\source\lcc\alpha
12=c:\quake3\source\lcc\alpha\osf
13=c:\quake3\source\lcc\alpha\osf\tst
14=c:\quake3\source\lcc\cpp
15=c:\quake3\source\lcc\doc
16=c:\quake3\source\lcc\etc
17=c:\quake3\source\lcc\include
18=c:\quake3\source\lcc\include\alpha
19=c:\quake3\source\lcc\include\alpha\osf
20=c:\quake3\source\lcc\include\mips
21=c:\quake3\source\lcc\include\mips\irix
22=c:\quake3\source\lcc\include\sparc
23=c:\quake3\source\lcc\include\sparc\solaris
24=c:\quake3\source\lcc\include\x86
25=c:\quake3\source\lcc\include\x86\linux
26=c:\quake3\source\lcc\lburg
27=c:\quake3\source\lcc\lib
28=c:\quake3\source\lcc\mips
29=c:\quake3\source\lcc\mips\irix
30=c:\quake3\source\lcc\mips\irix\tst
31=c:\quake3\source\lcc\msdev
32=c:\quake3\source\lcc\sparc
33=c:\quake3\source\lcc\sparc\solaris
34=c:\quake3\source\lcc\sparc\solaris\tst
35=c:\quake3\source\lcc\src
36=c:\quake3\source\lcc\tst
37=c:\quake3\source\lcc\x86
38=c:\quake3\source\lcc\x86\linux
39=c:\quake3\source\lcc\x86\linux\tst
40=c:\quake3\source\lcc\x86\win32
41=c:\quake3\source\lcc\x86\win32\tst
42=c:\quake3\source\q3asm
43=C:\Documents and Settings
44=C:\Documents and Settings\All Users
45=C:\Documents and Settings\All Users\Start Menu
46=C:\Documents and Settings\All Users\Start Menu\Programs
47=C:\Documents and Settings\All Users\Start Menu\Programs\Quake III Arena and  Quake III Team Arena Game Source
[Files]
count=704
0=c:\quake3\source\ui\addfilter.menu
1=c:\quake3\source\ui\botselection.menu
2=c:\quake3\source\ui\cdkey.menu
3=c:\quake3\source\ui\chip.menu
4=c:\quake3\source\ui\cinematic.menu
5=c:\quake3\source\ui\cinematicmenu.menu
6=c:\quake3\source\ui\connect.menu
7=c:\quake3\source\ui\controls.menu
8=c:\quake3\source\ui\controls2.menu
9=c:\quake3\source\ui\createfavorite.menu
10=c:\quake3\source\ui\createserver.menu
11=c:\quake3\source\ui\credit.menu
12=c:\quake3\source\ui\default.menu
13=c:\quake3\source\ui\demo.menu
14=c:\quake3\source\ui\demo_quit.menu
15=c:\quake3\source\ui\endofgame.menu
16=c:\quake3\source\ui\endofgame2.menu
17=c:\quake3\source\ui\error.menu
18=c:\quake3\source\ui\fight.menu
19=c:\quake3\source\ui\filter.menu
20=c:\quake3\source\ui\findplayer.menu
21=c:\quake3\source\ui\help.menu
22=c:\quake3\source\ui\help2.menu
23=c:\quake3\source\ui\hud.menu
24=c:\quake3\source\ui\hud.txt
25=c:\quake3\source\ui\hud_old.menu
26=c:\quake3\source\ui\hud2.txt
27=c:\quake3\source\ui\ingame.menu
28=c:\quake3\source\ui\ingame.txt
29=c:\quake3\source\ui\ingame_about.menu
30=c:\quake3\source\ui\ingame_addbot.menu
31=c:\quake3\source\ui\ingame_callvote.menu
32=c:\quake3\source\ui\ingame_callvote2.menu
33=c:\quake3\source\ui\ingame_controls.menu
34=c:\quake3\source\ui\ingame_join.menu
35=c:\quake3\source\ui\ingame_leave.menu
36=c:\quake3\source\ui\ingame_options.menu
37=c:\quake3\source\ui\ingame_orders.menu
38=c:\quake3\source\ui\ingame_orders2.menu
39=c:\quake3\source\ui\ingame_player.menu
40=c:\quake3\source\ui\ingame_scoreffa.menu
41=c:\quake3\source\ui\ingame_serverinfo.menu
42=c:\quake3\source\ui\ingame_system.menu
43=c:\quake3\source\ui\ingame_vote.menu
44=c:\quake3\source\ui\ingame_vote2.menu
45=c:\quake3\source\ui\joinserver.menu
46=c:\quake3\source\ui\main.menu
47=c:\quake3\source\ui\main2.menu
48=c:\quake3\source\ui\menudef.h
49=c:\quake3\source\ui\menus.txt
50=c:\quake3\source\ui\min_hud.menu
51=c:\quake3\source\ui\mod.menu
52=c:\quake3\source\ui\newleague.menu
53=c:\quake3\source\ui\options.menu
54=c:\quake3\source\ui\ordershelp.menu
55=c:\quake3\source\ui\password.menu
56=c:\quake3\source\ui\player.menu
57=c:\quake3\source\ui\powerup.menu
58=c:\quake3\source\ui\powerup2.menu
59=c:\quake3\source\ui\punkbuster.menu
60=c:\quake3\source\ui\quake3.menu
61=c:\quake3\source\ui\quit.menu
62=c:\quake3\source\ui\quitcredit.menu
63=c:\quake3\source\ui\rankings.menu
64=c:\quake3\source\ui\resetscore.menu
65=c:\quake3\source\ui\score.menu
66=c:\quake3\source\ui\score_results.menu
67=c:\quake3\source\ui\serverinfo.menu
68=c:\quake3\source\ui\serverinfo_old.menu
69=c:\quake3\source\ui\setup.menu
70=c:\quake3\source\ui\skirmish.menu
71=c:\quake3\source\ui\small.menu
72=c:\quake3\source\ui\system.menu
73=c:\quake3\source\ui\team.menu
74=c:\quake3\source\ui\teamscore.menu
75=c:\quake3\source\ui\testhud.menu
76=c:\quake3\source\ui\vid_restart.menu
77=c:\quake3\source\code\cgame\cgame.bat
78=c:\quake3\source\code\cgame\cgame.def
79=c:\quake3\source\code\cgame\cgame.dsp
80=c:\quake3\source\code\cgame\cgame.q3asm
81=c:\quake3\source\code\cgame\cgame_ta.bat
82=c:\quake3\source\code\cgame\cgame_ta.q3asm
83=c:\quake3\source\code\cgame\cg_consolecmds.c
84=c:\quake3\source\code\cgame\cg_draw.c
85=c:\quake3\source\code\cgame\cg_drawtools.c
86=c:\quake3\source\code\cgame\cg_effects.c
87=c:\quake3\source\code\cgame\cg_ents.c
88=c:\quake3\source\code\cgame\cg_event.c
89=c:\quake3\source\code\cgame\cg_info.c
90=c:\quake3\source\code\cgame\cg_local.h
91=c:\quake3\source\code\cgame\cg_localents.c
92=c:\quake3\source\code\cgame\cg_main.c
93=c:\quake3\source\code\cgame\cg_marks.c
94=c:\quake3\source\code\cgame\cg_newdraw.c
95=c:\quake3\source\code\cgame\cg_particles.c
96=c:\quake3\source\code\cgame\cg_players.c
97=c:\quake3\source\code\cgame\cg_playerstate.c
98=c:\quake3\source\code\cgame\cg_predict.c
99=c:\quake3\source\code\cgame\cg_public.h
100=c:\quake3\source\code\cgame\cg_scoreboard.c
101=c:\quake3\source\code\cgame\cg_servercmds.c
102=c:\quake3\source\code\cgame\cg_snapshot.c
103=c:\quake3\source\code\cgame\cg_syscalls.asm
104=c:\quake3\source\code\cgame\cg_syscalls.c
105=c:\quake3\source\code\cgame\cg_view.c
106=c:\quake3\source\code\cgame\cg_weapons.c
107=c:\quake3\source\code\cgame\tr_types.h
108=c:\quake3\source\code\game\ai_chat.c
109=c:\quake3\source\code\game\ai_chat.h
110=c:\quake3\source\code\game\ai_cmd.c
111=c:\quake3\source\code\game\ai_cmd.h
112=c:\quake3\source\code\game\ai_dmnet.c
113=c:\quake3\source\code\game\ai_dmnet.h
114=c:\quake3\source\code\game\ai_dmq3.c
115=c:\quake3\source\code\game\ai_dmq3.h
116=c:\quake3\source\code\game\ai_main.c
117=c:\quake3\source\code\game\ai_main.h
118=c:\quake3\source\code\game\ai_team.c
119=c:\quake3\source\code\game\ai_team.h
120=c:\quake3\source\code\game\ai_vcmd.c
121=c:\quake3\source\code\game\ai_vcmd.h
122=c:\quake3\source\code\game\be_aas.h
123=c:\quake3\source\code\game\be_ai_char.h
124=c:\quake3\source\code\game\be_ai_chat.h
125=c:\quake3\source\code\game\be_ai_gen.h
126=c:\quake3\source\code\game\be_ai_goal.h
127=c:\quake3\source\code\game\be_ai_move.h
128=c:\quake3\source\code\game\be_ai_weap.h
129=c:\quake3\source\code\game\be_ea.h
130=c:\quake3\source\code\game\bg_lib.c
131=c:\quake3\source\code\game\bg_lib.h
132=c:\quake3\source\code\game\bg_local.h
133=c:\quake3\source\code\game\bg_misc.c
134=c:\quake3\source\code\game\bg_pmove.c
135=c:\quake3\source\code\game\bg_public.h
136=c:\quake3\source\code\game\bg_slidemove.c
137=c:\quake3\source\code\game\botlib.h
138=c:\quake3\source\code\game\chars.h
139=c:\quake3\source\code\game\game.bat
140=c:\quake3\source\code\game\game.def
141=c:\quake3\source\code\game\game.dsp
142=c:\quake3\source\code\game\game.q3asm
143=c:\quake3\source\code\game\game_ta.bat
144=c:\quake3\source\code\game\game_ta.q3asm
145=c:\quake3\source\code\game\g_active.c
146=c:\quake3\source\code\game\g_arenas.c
147=c:\quake3\source\code\game\g_bot.c
148=c:\quake3\source\code\game\g_client.c
149=c:\quake3\source\code\game\g_cmds.c
150=c:\quake3\source\code\game\g_combat.c
151=c:\quake3\source\code\game\g_items.c
152=c:\quake3\source\code\game\g_local.h
153=c:\quake3\source\code\game\g_main.c
154=c:\quake3\source\code\game\g_mem.c
155=c:\quake3\source\code\game\g_misc.c
156=c:\quake3\source\code\game\g_missile.c
157=c:\quake3\source\code\game\g_mover.c
158=c:\quake3\source\code\game\g_public.h
159=c:\quake3\source\code\game\g_rankings.c
160=c:\quake3\source\code\game\g_rankings.h
161=c:\quake3\source\code\game\g_session.c
162=c:\quake3\source\code\game\g_spawn.c
163=c:\quake3\source\code\game\g_svcmds.c
164=c:\quake3\source\code\game\g_syscalls.asm
165=c:\quake3\source\code\game\g_syscalls.c
166=c:\quake3\source\code\game\g_target.c
167=c:\quake3\source\code\game\g_team.c
168=c:\quake3\source\code\game\g_team.h
169=c:\quake3\source\code\game\g_trigger.c
170=c:\quake3\source\code\game\g_utils.c
171=c:\quake3\source\code\game\g_weapon.c
172=c:\quake3\source\code\game\inv.h
173=c:\quake3\source\code\game\match.h
174=c:\quake3\source\code\game\q_math.c
175=c:\quake3\source\code\game\q_shared.c
176=c:\quake3\source\code\game\q_shared.h
177=c:\quake3\source\code\game\surfaceflags.h
178=c:\quake3\source\code\game\syn.h
179=c:\quake3\source\code\q3_ui\keycodes.h
180=c:\quake3\source\code\q3_ui\q3_ui.bat
181=c:\quake3\source\code\q3_ui\q3_ui.dsp
182=c:\quake3\source\code\q3_ui\q3_ui.q3asm
183=c:\quake3\source\code\q3_ui\ui.def
184=c:\quake3\source\code\q3_ui\ui.q3asm
185=c:\quake3\source\code\q3_ui\ui_addbots.c
186=c:\quake3\source\code\q3_ui\ui_atoms.c
187=c:\quake3\source\code\q3_ui\ui_cdkey.c
188=c:\quake3\source\code\q3_ui\ui_cinematics.c
189=c:\quake3\source\code\q3_ui\ui_confirm.c
190=c:\quake3\source\code\q3_ui\ui_connect.c
191=c:\quake3\source\code\q3_ui\ui_controls2.c
192=c:\quake3\source\code\q3_ui\ui_credits.c
193=c:\quake3\source\code\q3_ui\ui_demo2.c
194=c:\quake3\source\code\q3_ui\ui_display.c
195=c:\quake3\source\code\q3_ui\ui_gameinfo.c
196=c:\quake3\source\code\q3_ui\ui_ingame.c
197=c:\quake3\source\code\q3_ui\ui_loadconfig.c
198=c:\quake3\source\code\q3_ui\ui_local.h
199=c:\quake3\source\code\q3_ui\ui_login.c
200=c:\quake3\source\code\q3_ui\ui_main.c
201=c:\quake3\source\code\q3_ui\ui_menu.c
202=c:\quake3\source\code\q3_ui\ui_mfield.c
203=c:\quake3\source\code\q3_ui\ui_mods.c
204=c:\quake3\source\code\q3_ui\ui_network.c
205=c:\quake3\source\code\q3_ui\ui_options.c
206=c:\quake3\source\code\q3_ui\ui_playermodel.c
207=c:\quake3\source\code\q3_ui\ui_players.c
208=c:\quake3\source\code\q3_ui\ui_playersettings.c
209=c:\quake3\source\code\q3_ui\ui_preferences.c
210=c:\quake3\source\code\q3_ui\ui_qmenu.c
211=c:\quake3\source\code\q3_ui\ui_rankings.c
212=c:\quake3\source\code\q3_ui\ui_rankstatus.c
213=c:\quake3\source\code\q3_ui\ui_removebots.c
214=c:\quake3\source\code\q3_ui\ui_saveconfig.c
215=c:\quake3\source\code\q3_ui\ui_serverinfo.c
216=c:\quake3\source\code\q3_ui\ui_servers2.c
217=c:\quake3\source\code\q3_ui\ui_setup.c
218=c:\quake3\source\code\q3_ui\ui_signup.c
219=c:\quake3\source\code\q3_ui\ui_sound.c
220=c:\quake3\source\code\q3_ui\ui_sparena.c
221=c:\quake3\source\code\q3_ui\ui_specifyleague.c
222=c:\quake3\source\code\q3_ui\ui_specifyserver.c
223=c:\quake3\source\code\q3_ui\ui_splevel.c
224=c:\quake3\source\code\q3_ui\ui_sppostgame.c
225=c:\quake3\source\code\q3_ui\ui_spreset.c
226=c:\quake3\source\code\q3_ui\ui_spskill.c
227=c:\quake3\source\code\q3_ui\ui_startserver.c
228=c:\quake3\source\code\q3_ui\ui_team.c
229=c:\quake3\source\code\q3_ui\ui_teamorders.c
230=c:\quake3\source\code\q3_ui\ui_video.c
231=c:\quake3\source\code\ui\keycodes.h
232=c:\quake3\source\code\ui\ui.bat
233=c:\quake3\source\code\ui\ui.def
234=c:\quake3\source\code\ui\ui.dsp
235=c:\quake3\source\code\ui\ui.q3asm
236=c:\quake3\source\code\ui\ui_atoms.c
237=c:\quake3\source\code\ui\ui_gameinfo.c
238=c:\quake3\source\code\ui\ui_local.h
239=c:\quake3\source\code\ui\ui_main.c
240=c:\quake3\source\code\ui\ui_players.c
241=c:\quake3\source\code\ui\ui_public.h
242=c:\quake3\source\code\ui\ui_shared.c
243=c:\quake3\source\code\ui\ui_shared.h
244=c:\quake3\source\code\ui\ui_syscalls.asm
245=c:\quake3\source\code\ui\ui_syscalls.c
246=c:\quake3\source\code\ui\ui_util.c
247=c:\quake3\source\code\quake3sdk.dsw
248=c:\quake3\source\QIIIA Game Source License.doc
249=c:\quake3\source\bin\q3asm.exe
250=c:\quake3\source\bin\lcc.exe
251=c:\quake3\source\bin\q3cpp.exe
252=c:\quake3\source\bin\q3rcc.exe
253=c:\quake3\source\lcc\COPYRIGHT
254=c:\quake3\source\lcc\buildnt.bat
255=c:\quake3\source\lcc\LOG
256=c:\quake3\source\lcc\makefile.nt
257=c:\quake3\source\lcc\README
258=c:\quake3\source\lcc\README.Id
259=c:\quake3\source\lcc\custom.mk
260=c:\quake3\source\lcc\makefile
261=c:\quake3\source\lcc\packing.lst
262=c:\quake3\source\lcc\alpha\osf\tst\8q.1bk
263=c:\quake3\source\lcc\alpha\osf\tst\8q.2bk
264=c:\quake3\source\lcc\alpha\osf\tst\8q.sbk
265=c:\quake3\source\lcc\alpha\osf\tst\array.1bk
266=c:\quake3\source\lcc\alpha\osf\tst\array.2bk
267=c:\quake3\source\lcc\alpha\osf\tst\array.sbk
268=c:\quake3\source\lcc\alpha\osf\tst\cf.1bk
269=c:\quake3\source\lcc\alpha\osf\tst\cf.2bk
270=c:\quake3\source\lcc\alpha\osf\tst\cf.sbk
271=c:\quake3\source\lcc\alpha\osf\tst\cq.1bk
272=c:\quake3\source\lcc\alpha\osf\tst\cq.2bk
273=c:\quake3\source\lcc\alpha\osf\tst\cq.sbk
274=c:\quake3\source\lcc\alpha\osf\tst\cvt.1bk
275=c:\quake3\source\lcc\alpha\osf\tst\cvt.2bk
276=c:\quake3\source\lcc\alpha\osf\tst\cvt.sbk
277=c:\quake3\source\lcc\alpha\osf\tst\fields.1bk
278=c:\quake3\source\lcc\alpha\osf\tst\fields.2bk
279=c:\quake3\source\lcc\alpha\osf\tst\fields.sbk
280=c:\quake3\source\lcc\alpha\osf\tst\front.2bk
281=c:\quake3\source\lcc\alpha\osf\tst\front.sbk
282=c:\quake3\source\lcc\alpha\osf\tst\incr.1bk
283=c:\quake3\source\lcc\alpha\osf\tst\incr.2bk
284=c:\quake3\source\lcc\alpha\osf\tst\incr.sbk
285=c:\quake3\source\lcc\alpha\osf\tst\init.1bk
286=c:\quake3\source\lcc\alpha\osf\tst\init.2bk
287=c:\quake3\source\lcc\alpha\osf\tst\init.sbk
288=c:\quake3\source\lcc\alpha\osf\tst\limits.1bk
289=c:\quake3\source\lcc\alpha\osf\tst\limits.2bk
290=c:\quake3\source\lcc\alpha\osf\tst\limits.sbk
291=c:\quake3\source\lcc\alpha\osf\tst\paranoia.1bk
292=c:\quake3\source\lcc\alpha\osf\tst\paranoia.2bk
293=c:\quake3\source\lcc\alpha\osf\tst\paranoia.sbk
294=c:\quake3\source\lcc\alpha\osf\tst\sort.1bk
295=c:\quake3\source\lcc\alpha\osf\tst\sort.2bk
296=c:\quake3\source\lcc\alpha\osf\tst\sort.sbk
297=c:\quake3\source\lcc\alpha\osf\tst\spill.1bk
298=c:\quake3\source\lcc\alpha\osf\tst\spill.2bk
299=c:\quake3\source\lcc\alpha\osf\tst\spill.sbk
300=c:\quake3\source\lcc\alpha\osf\tst\stdarg.1bk
301=c:\quake3\source\lcc\alpha\osf\tst\stdarg.2bk
302=c:\quake3\source\lcc\alpha\osf\tst\stdarg.sbk
303=c:\quake3\source\lcc\alpha\osf\tst\struct.1bk
304=c:\quake3\source\lcc\alpha\osf\tst\struct.2bk
305=c:\quake3\source\lcc\alpha\osf\tst\struct.sbk
306=c:\quake3\source\lcc\alpha\osf\tst\switch.1bk
307=c:\quake3\source\lcc\alpha\osf\tst\switch.2bk
308=c:\quake3\source\lcc\alpha\osf\tst\switch.sbk
309=c:\quake3\source\lcc\alpha\osf\tst\wf1.1bk
310=c:\quake3\source\lcc\alpha\osf\tst\wf1.2bk
311=c:\quake3\source\lcc\alpha\osf\tst\wf1.sbk
312=c:\quake3\source\lcc\alpha\osf\tst\yacc.1bk
313=c:\quake3\source\lcc\alpha\osf\tst\yacc.2bk
314=c:\quake3\source\lcc\alpha\osf\tst\yacc.sbk
315=c:\quake3\source\lcc\cpp\eval.c
316=c:\quake3\source\lcc\cpp\getopt.c
317=c:\quake3\source\lcc\cpp\hideset.c
318=c:\quake3\source\lcc\cpp\include.c
319=c:\quake3\source\lcc\cpp\lex.c
320=c:\quake3\source\lcc\cpp\macro.c
321=c:\quake3\source\lcc\cpp\nlist.c
322=c:\quake3\source\lcc\cpp\tokens.c
323=c:\quake3\source\lcc\cpp\unix.c
324=c:\quake3\source\lcc\cpp\cpp.h
325=c:\quake3\source\lcc\cpp\cpp.c
326=c:\quake3\source\lcc\doc\4.html
327=c:\quake3\source\lcc\doc\bprint.1
328=c:\quake3\source\lcc\doc\bprint.pdf
329=c:\quake3\source\lcc\doc\install.html
330=c:\quake3\source\lcc\doc\lcc.1
331=c:\quake3\source\lcc\doc\lcc.pdf
332=c:\quake3\source\lcc\etc\linux.c
333=c:\quake3\source\lcc\etc\bprint.c
334=c:\quake3\source\lcc\etc\gcc-solaris.c
335=c:\quake3\source\lcc\etc\irix.c
336=c:\quake3\source\lcc\etc\lcc.c
337=c:\quake3\source\lcc\etc\ops.c
338=c:\quake3\source\lcc\etc\osf.c
339=c:\quake3\source\lcc\etc\solaris.c
340=c:\quake3\source\lcc\etc\win32.c
341=c:\quake3\source\lcc\include\alpha\osf\assert.h
342=c:\quake3\source\lcc\include\alpha\osf\ctype.h
343=c:\quake3\source\lcc\include\alpha\osf\errno.h
344=c:\quake3\source\lcc\include\alpha\osf\float.h
345=c:\quake3\source\lcc\include\alpha\osf\limits.h
346=c:\quake3\source\lcc\include\alpha\osf\locale.h
347=c:\quake3\source\lcc\include\alpha\osf\math.h
348=c:\quake3\source\lcc\include\alpha\osf\setjmp.h
349=c:\quake3\source\lcc\include\alpha\osf\signal.h
350=c:\quake3\source\lcc\include\alpha\osf\stdarg.h
351=c:\quake3\source\lcc\include\alpha\osf\stdio.h
352=c:\quake3\source\lcc\include\alpha\osf\stdlib.h
353=c:\quake3\source\lcc\include\alpha\osf\string.h
354=c:\quake3\source\lcc\include\alpha\osf\time.h
355=c:\quake3\source\lcc\include\alpha\osf\stddef.h
356=c:\quake3\source\lcc\include\mips\irix\assert.h
357=c:\quake3\source\lcc\include\mips\irix\ctype.h
358=c:\quake3\source\lcc\include\mips\irix\errno.h
359=c:\quake3\source\lcc\include\mips\irix\float.h
360=c:\quake3\source\lcc\include\mips\irix\limits.h
361=c:\quake3\source\lcc\include\mips\irix\locale.h
362=c:\quake3\source\lcc\include\mips\irix\math.h
363=c:\quake3\source\lcc\include\mips\irix\setjmp.h
364=c:\quake3\source\lcc\include\mips\irix\signal.h
365=c:\quake3\source\lcc\include\mips\irix\stdarg.h
366=c:\quake3\source\lcc\include\mips\irix\stdio.h
367=c:\quake3\source\lcc\include\mips\irix\stdlib.h
368=c:\quake3\source\lcc\include\mips\irix\string.h
369=c:\quake3\source\lcc\include\mips\irix\time.h
370=c:\quake3\source\lcc\include\mips\irix\stddef.h
371=c:\quake3\source\lcc\include\sparc\solaris\assert.h
372=c:\quake3\source\lcc\include\sparc\solaris\ctype.h
373=c:\quake3\source\lcc\include\sparc\solaris\errno.h
374=c:\quake3\source\lcc\include\sparc\solaris\float.h
375=c:\quake3\source\lcc\include\sparc\solaris\limits.h
376=c:\quake3\source\lcc\include\sparc\solaris\locale.h
377=c:\quake3\source\lcc\include\sparc\solaris\math.h
378=c:\quake3\source\lcc\include\sparc\solaris\setjmp.h
379=c:\quake3\source\lcc\include\sparc\solaris\signal.h
380=c:\quake3\source\lcc\include\sparc\solaris\stdarg.h
381=c:\quake3\source\lcc\include\sparc\solaris\stdio.h
382=c:\quake3\source\lcc\include\sparc\solaris\stdlib.h
383=c:\quake3\source\lcc\include\sparc\solaris\string.h
384=c:\quake3\source\lcc\include\sparc\solaris\time.h
385=c:\quake3\source\lcc\include\sparc\solaris\stddef.h
386=c:\quake3\source\lcc\include\x86\linux\assert.h
387=c:\quake3\source\lcc\include\x86\linux\float.h
388=c:\quake3\source\lcc\include\x86\linux\stdarg.h
389=c:\quake3\source\lcc\lburg\gram.y
390=c:\quake3\source\lcc\lburg\lburg.1
391=c:\quake3\source\lcc\lburg\gram.c
392=c:\quake3\source\lcc\lburg\lburg.h
393=c:\quake3\source\lcc\lburg\lburg.c
394=c:\quake3\source\lcc\lib\assert.c
395=c:\quake3\source\lcc\lib\bbexit.c
396=c:\quake3\source\lcc\lib\yynull.c
397=c:\quake3\source\lcc\mips\irix\tst\8q.1bk
398=c:\quake3\source\lcc\mips\irix\tst\8q.2bk
399=c:\quake3\source\lcc\mips\irix\tst\8q.sbk
400=c:\quake3\source\lcc\mips\irix\tst\array.1bk
401=c:\quake3\source\lcc\mips\irix\tst\array.2bk
402=c:\quake3\source\lcc\mips\irix\tst\array.sbk
403=c:\quake3\source\lcc\mips\irix\tst\cf.1bk
404=c:\quake3\source\lcc\mips\irix\tst\cf.2bk
405=c:\quake3\source\lcc\mips\irix\tst\cf.sbk
406=c:\quake3\source\lcc\mips\irix\tst\cq.1bk
407=c:\quake3\source\lcc\mips\irix\tst\cq.2bk
408=c:\quake3\source\lcc\mips\irix\tst\cq.sbk
409=c:\quake3\source\lcc\mips\irix\tst\cvt.1bk
410=c:\quake3\source\lcc\mips\irix\tst\cvt.2bk
411=c:\quake3\source\lcc\mips\irix\tst\cvt.sbk
412=c:\quake3\source\lcc\mips\irix\tst\fields.1bk
413=c:\quake3\source\lcc\mips\irix\tst\fields.2bk
414=c:\quake3\source\lcc\mips\irix\tst\fields.sbk
415=c:\quake3\source\lcc\mips\irix\tst\front.2bk
416=c:\quake3\source\lcc\mips\irix\tst\front.sbk
417=c:\quake3\source\lcc\mips\irix\tst\incr.2bk
418=c:\quake3\source\lcc\mips\irix\tst\incr.sbk
419=c:\quake3\source\lcc\mips\irix\tst\init.1bk
420=c:\quake3\source\lcc\mips\irix\tst\init.2bk
421=c:\quake3\source\lcc\mips\irix\tst\init.sbk
422=c:\quake3\source\lcc\mips\irix\tst\limits.1bk
423=c:\quake3\source\lcc\mips\irix\tst\limits.2bk
424=c:\quake3\source\lcc\mips\irix\tst\limits.sbk
425=c:\quake3\source\lcc\mips\irix\tst\paranoia.1bk
426=c:\quake3\source\lcc\mips\irix\tst\paranoia.2bk
427=c:\quake3\source\lcc\mips\irix\tst\paranoia.sbk
428=c:\quake3\source\lcc\mips\irix\tst\sort.1bk
429=c:\quake3\source\lcc\mips\irix\tst\sort.2bk
430=c:\quake3\source\lcc\mips\irix\tst\sort.sbk
431=c:\quake3\source\lcc\mips\irix\tst\spill.2bk
432=c:\quake3\source\lcc\mips\irix\tst\spill.sbk
433=c:\quake3\source\lcc\mips\irix\tst\stdarg.1bk
434=c:\quake3\source\lcc\mips\irix\tst\stdarg.2bk
435=c:\quake3\source\lcc\mips\irix\tst\stdarg.sbk
436=c:\quake3\source\lcc\mips\irix\tst\struct.1bk
437=c:\quake3\source\lcc\mips\irix\tst\struct.2bk
438=c:\quake3\source\lcc\mips\irix\tst\struct.sbk
439=c:\quake3\source\lcc\mips\irix\tst\switch.1bk
440=c:\quake3\source\lcc\mips\irix\tst\switch.2bk
441=c:\quake3\source\lcc\mips\irix\tst\switch.sbk
442=c:\quake3\source\lcc\mips\irix\tst\wf1.1bk
443=c:\quake3\source\lcc\mips\irix\tst\wf1.2bk
444=c:\quake3\source\lcc\mips\irix\tst\wf1.sbk
445=c:\quake3\source\lcc\mips\irix\tst\yacc.1bk
446=c:\quake3\source\lcc\mips\irix\tst\yacc.2bk
447=c:\quake3\source\lcc\mips\irix\tst\yacc.sbk
448=c:\quake3\source\lcc\msdev\rcc.dsp
449=c:\quake3\source\lcc\msdev\rcc.dsw
450=c:\quake3\source\lcc\sparc\solaris\tst\8q.1bk
451=c:\quake3\source\lcc\sparc\solaris\tst\8q.2bk
452=c:\quake3\source\lcc\sparc\solaris\tst\8q.sbk
453=c:\quake3\source\lcc\sparc\solaris\tst\array.1bk
454=c:\quake3\source\lcc\sparc\solaris\tst\array.2bk
455=c:\quake3\source\lcc\sparc\solaris\tst\array.sbk
456=c:\quake3\source\lcc\sparc\solaris\tst\cf.1bk
457=c:\quake3\source\lcc\sparc\solaris\tst\cf.2bk
458=c:\quake3\source\lcc\sparc\solaris\tst\cf.sbk
459=c:\quake3\source\lcc\sparc\solaris\tst\cq.1bk
460=c:\quake3\source\lcc\sparc\solaris\tst\cq.2bk
461=c:\quake3\source\lcc\sparc\solaris\tst\cq.sbk
462=c:\quake3\source\lcc\sparc\solaris\tst\cvt.1bk
463=c:\quake3\source\lcc\sparc\solaris\tst\cvt.2bk
464=c:\quake3\source\lcc\sparc\solaris\tst\cvt.sbk
465=c:\quake3\source\lcc\sparc\solaris\tst\fields.1bk
466=c:\quake3\source\lcc\sparc\solaris\tst\fields.2bk
467=c:\quake3\source\lcc\sparc\solaris\tst\fields.sbk
468=c:\quake3\source\lcc\sparc\solaris\tst\front.2bk
469=c:\quake3\source\lcc\sparc\solaris\tst\front.sbk
470=c:\quake3\source\lcc\sparc\solaris\tst\incr.1bk
471=c:\quake3\source\lcc\sparc\solaris\tst\incr.2bk
472=c:\quake3\source\lcc\sparc\solaris\tst\incr.sbk
473=c:\quake3\source\lcc\sparc\solaris\tst\init.1bk
474=c:\quake3\source\lcc\sparc\solaris\tst\init.2bk
475=c:\quake3\source\lcc\sparc\solaris\tst\init.sbk
476=c:\quake3\source\lcc\sparc\solaris\tst\limits.1bk
477=c:\quake3\source\lcc\sparc\solaris\tst\limits.2bk
478=c:\quake3\source\lcc\sparc\solaris\tst\limits.sbk
479=c:\quake3\source\lcc\sparc\solaris\tst\paranoia.1bk
480=c:\quake3\source\lcc\sparc\solaris\tst\paranoia.2bk
481=c:\quake3\source\lcc\sparc\solaris\tst\paranoia.sbk
482=c:\quake3\source\lcc\sparc\solaris\tst\sort.1bk
483=c:\quake3\source\lcc\sparc\solaris\tst\sort.2bk
484=c:\quake3\source\lcc\sparc\solaris\tst\sort.sbk
485=c:\quake3\source\lcc\sparc\solaris\tst\spill.1bk
486=c:\quake3\source\lcc\sparc\solaris\tst\spill.2bk
487=c:\quake3\source\lcc\sparc\solaris\tst\spill.sbk
488=c:\quake3\source\lcc\sparc\solaris\tst\stdarg.1bk
489=c:\quake3\source\lcc\sparc\solaris\tst\stdarg.2bk
490=c:\quake3\source\lcc\sparc\solaris\tst\stdarg.sbk
491=c:\quake3\source\lcc\sparc\solaris\tst\struct.1bk
492=c:\quake3\source\lcc\sparc\solaris\tst\struct.2bk
493=c:\quake3\source\lcc\sparc\solaris\tst\struct.sbk
494=c:\quake3\source\lcc\sparc\solaris\tst\switch.1bk
495=c:\quake3\source\lcc\sparc\solaris\tst\switch.2bk
496=c:\quake3\source\lcc\sparc\solaris\tst\switch.sbk
497=c:\quake3\source\lcc\sparc\solaris\tst\wf1.1bk
498=c:\quake3\source\lcc\sparc\solaris\tst\wf1.2bk
499=c:\quake3\source\lcc\sparc\solaris\tst\wf1.sbk
500=c:\quake3\source\lcc\sparc\solaris\tst\yacc.1bk
501=c:\quake3\source\lcc\sparc\solaris\tst\yacc.2bk
502=c:\quake3\source\lcc\sparc\solaris\tst\yacc.sbk
503=c:\quake3\source\lcc\src\alloc.c
504=c:\quake3\source\lcc\src\alpha.md
505=c:\quake3\source\lcc\src\bind.c
506=c:\quake3\source\lcc\src\dagcheck.md
507=c:\quake3\source\lcc\src\inits.c
508=c:\quake3\source\lcc\src\mips.md
509=c:\quake3\source\lcc\src\rcc.asdl
510=c:\quake3\source\lcc\src\sparc.md
511=c:\quake3\source\lcc\src\x86.md
512=c:\quake3\source\lcc\src\x86linux.md
513=c:\quake3\source\lcc\src\2html.c
514=c:\quake3\source\lcc\src\asdl.c
515=c:\quake3\source\lcc\src\bytecode.c
516=c:\quake3\source\lcc\src\c.h
517=c:\quake3\source\lcc\src\config.h
518=c:\quake3\source\lcc\src\dag.c
519=c:\quake3\source\lcc\src\decl.c
520=c:\quake3\source\lcc\src\enode.c
521=c:\quake3\source\lcc\src\error.c
522=c:\quake3\source\lcc\src\event.c
523=c:\quake3\source\lcc\src\expr.c
524=c:\quake3\source\lcc\src\gen.c
525=c:\quake3\source\lcc\src\init.c
526=c:\quake3\source\lcc\src\input.c
527=c:\quake3\source\lcc\src\lex.c
528=c:\quake3\source\lcc\src\list.c
529=c:\quake3\source\lcc\src\null.c
530=c:\quake3\source\lcc\src\output.c
531=c:\quake3\source\lcc\src\pass2.c
532=c:\quake3\source\lcc\src\prof.c
533=c:\quake3\source\lcc\src\profio.c
534=c:\quake3\source\lcc\src\simp.c
535=c:\quake3\source\lcc\src\stab.c
536=c:\quake3\source\lcc\src\stab.h
537=c:\quake3\source\lcc\src\stmt.c
538=c:\quake3\source\lcc\src\string.c
539=c:\quake3\source\lcc\src\sym.c
540=c:\quake3\source\lcc\src\symbolic.c
541=c:\quake3\source\lcc\src\token.h
542=c:\quake3\source\lcc\src\trace.c
543=c:\quake3\source\lcc\src\tree.c
544=c:\quake3\source\lcc\src\types.c
545=c:\quake3\source\lcc\src\run.sh
546=c:\quake3\source\lcc\src\main.c
547=c:\quake3\source\lcc\tst\8q.0
548=c:\quake3\source\lcc\tst\8q.c
549=c:\quake3\source\lcc\tst\array.0
550=c:\quake3\source\lcc\tst\array.c
551=c:\quake3\source\lcc\tst\cf.0
552=c:\quake3\source\lcc\tst\cf.c
553=c:\quake3\source\lcc\tst\cq.0
554=c:\quake3\source\lcc\tst\cq.c
555=c:\quake3\source\lcc\tst\cvt.0
556=c:\quake3\source\lcc\tst\cvt.c
557=c:\quake3\source\lcc\tst\fields.0
558=c:\quake3\source\lcc\tst\fields.c
559=c:\quake3\source\lcc\tst\front.0
560=c:\quake3\source\lcc\tst\front.c
561=c:\quake3\source\lcc\tst\incr.0
562=c:\quake3\source\lcc\tst\incr.c
563=c:\quake3\source\lcc\tst\init.0
564=c:\quake3\source\lcc\tst\init.c
565=c:\quake3\source\lcc\tst\limits.0
566=c:\quake3\source\lcc\tst\limits.c
567=c:\quake3\source\lcc\tst\paranoia.0
568=c:\quake3\source\lcc\tst\paranoia.c
569=c:\quake3\source\lcc\tst\sort.0
570=c:\quake3\source\lcc\tst\sort.c
571=c:\quake3\source\lcc\tst\spill.0
572=c:\quake3\source\lcc\tst\spill.c
573=c:\quake3\source\lcc\tst\stdarg.0
574=c:\quake3\source\lcc\tst\stdarg.c
575=c:\quake3\source\lcc\tst\struct.0
576=c:\quake3\source\lcc\tst\struct.c
577=c:\quake3\source\lcc\tst\switch.0
578=c:\quake3\source\lcc\tst\switch.c
579=c:\quake3\source\lcc\tst\wf1.0
580=c:\quake3\source\lcc\tst\wf1.c
581=c:\quake3\source\lcc\tst\yacc.0
582=c:\quake3\source\lcc\tst\yacc.c
583=c:\quake3\source\lcc\x86\linux\tst\8q.1bk
584=c:\quake3\source\lcc\x86\linux\tst\8q.2bk
585=c:\quake3\source\lcc\x86\linux\tst\8q.sbk
586=c:\quake3\source\lcc\x86\linux\tst\array.1bk
587=c:\quake3\source\lcc\x86\linux\tst\array.2bk
588=c:\quake3\source\lcc\x86\linux\tst\array.sbk
589=c:\quake3\source\lcc\x86\linux\tst\cf.1bk
590=c:\quake3\source\lcc\x86\linux\tst\cf.2bk
591=c:\quake3\source\lcc\x86\linux\tst\cf.sbk
592=c:\quake3\source\lcc\x86\linux\tst\cq.1bk
593=c:\quake3\source\lcc\x86\linux\tst\cq.2bk
594=c:\quake3\source\lcc\x86\linux\tst\cq.sbk
595=c:\quake3\source\lcc\x86\linux\tst\cvt.1bk
596=c:\quake3\source\lcc\x86\linux\tst\cvt.2bk
597=c:\quake3\source\lcc\x86\linux\tst\cvt.sbk
598=c:\quake3\source\lcc\x86\linux\tst\fields.1bk
599=c:\quake3\source\lcc\x86\linux\tst\fields.2bk
600=c:\quake3\source\lcc\x86\linux\tst\fields.sbk
601=c:\quake3\source\lcc\x86\linux\tst\front.2bk
602=c:\quake3\source\lcc\x86\linux\tst\front.sbk
603=c:\quake3\source\lcc\x86\linux\tst\incr.1bk
604=c:\quake3\source\lcc\x86\linux\tst\incr.2bk
605=c:\quake3\source\lcc\x86\linux\tst\incr.sbk
606=c:\quake3\source\lcc\x86\linux\tst\init.1bk
607=c:\quake3\source\lcc\x86\linux\tst\init.2bk
608=c:\quake3\source\lcc\x86\linux\tst\init.sbk
609=c:\quake3\source\lcc\x86\linux\tst\limits.1bk
610=c:\quake3\source\lcc\x86\linux\tst\limits.2bk
611=c:\quake3\source\lcc\x86\linux\tst\limits.sbk
612=c:\quake3\source\lcc\x86\linux\tst\paranoia.1bk
613=c:\quake3\source\lcc\x86\linux\tst\paranoia.2bk
614=c:\quake3\source\lcc\x86\linux\tst\paranoia.sbk
615=c:\quake3\source\lcc\x86\linux\tst\sort.1bk
616=c:\quake3\source\lcc\x86\linux\tst\sort.2bk
617=c:\quake3\source\lcc\x86\linux\tst\sort.sbk
618=c:\quake3\source\lcc\x86\linux\tst\spill.1bk
619=c:\quake3\source\lcc\x86\linux\tst\spill.2bk
620=c:\quake3\source\lcc\x86\linux\tst\spill.sbk
621=c:\quake3\source\lcc\x86\linux\tst\stdarg.1bk
622=c:\quake3\source\lcc\x86\linux\tst\stdarg.2bk
623=c:\quake3\source\lcc\x86\linux\tst\stdarg.sbk
624=c:\quake3\source\lcc\x86\linux\tst\struct.1bk
625=c:\quake3\source\lcc\x86\linux\tst\struct.2bk
626=c:\quake3\source\lcc\x86\linux\tst\struct.sbk
627=c:\quake3\source\lcc\x86\linux\tst\switch.1bk
628=c:\quake3\source\lcc\x86\linux\tst\switch.2bk
629=c:\quake3\source\lcc\x86\linux\tst\switch.sbk
630=c:\quake3\source\lcc\x86\linux\tst\wf1.1bk
631=c:\quake3\source\lcc\x86\linux\tst\wf1.2bk
632=c:\quake3\source\lcc\x86\linux\tst\wf1.sbk
633=c:\quake3\source\lcc\x86\linux\tst\yacc.1bk
634=c:\quake3\source\lcc\x86\linux\tst\yacc.2bk
635=c:\quake3\source\lcc\x86\linux\tst\yacc.sbk
636=c:\quake3\source\lcc\x86\win32\tst\8q.1bk
637=c:\quake3\source\lcc\x86\win32\tst\8q.2bk
638=c:\quake3\source\lcc\x86\win32\tst\8q.sbk
639=c:\quake3\source\lcc\x86\win32\tst\array.1bk
640=c:\quake3\source\lcc\x86\win32\tst\array.2bk
641=c:\quake3\source\lcc\x86\win32\tst\array.sbk
642=c:\quake3\source\lcc\x86\win32\tst\cf.1bk
643=c:\quake3\source\lcc\x86\win32\tst\cf.2bk
644=c:\quake3\source\lcc\x86\win32\tst\cf.sbk
645=c:\quake3\source\lcc\x86\win32\tst\cq.1bk
646=c:\quake3\source\lcc\x86\win32\tst\cq.2bk
647=c:\quake3\source\lcc\x86\win32\tst\cq.sbk
648=c:\quake3\source\lcc\x86\win32\tst\cvt.1bk
649=c:\quake3\source\lcc\x86\win32\tst\cvt.2bk
650=c:\quake3\source\lcc\x86\win32\tst\cvt.sbk
651=c:\quake3\source\lcc\x86\win32\tst\fields.1bk
652=c:\quake3\source\lcc\x86\win32\tst\fields.2bk
653=c:\quake3\source\lcc\x86\win32\tst\fields.sbk
654=c:\quake3\source\lcc\x86\win32\tst\front.2bk
655=c:\quake3\source\lcc\x86\win32\tst\front.sbk
656=c:\quake3\source\lcc\x86\win32\tst\incr.1bk
657=c:\quake3\source\lcc\x86\win32\tst\incr.2bk
658=c:\quake3\source\lcc\x86\win32\tst\incr.sbk
659=c:\quake3\source\lcc\x86\win32\tst\init.1bk
660=c:\quake3\source\lcc\x86\win32\tst\init.2bk
661=c:\quake3\source\lcc\x86\win32\tst\init.sbk
662=c:\quake3\source\lcc\x86\win32\tst\limits.1bk
663=c:\quake3\source\lcc\x86\win32\tst\limits.2bk
664=c:\quake3\source\lcc\x86\win32\tst\limits.sbk
665=c:\quake3\source\lcc\x86\win32\tst\paranoia.1bk
666=c:\quake3\source\lcc\x86\win32\tst\paranoia.2bk
667=c:\quake3\source\lcc\x86\win32\tst\paranoia.sbk
668=c:\quake3\source\lcc\x86\win32\tst\sort.1bk
669=c:\quake3\source\lcc\x86\win32\tst\sort.2bk
670=c:\quake3\source\lcc\x86\win32\tst\sort.sbk
671=c:\quake3\source\lcc\x86\win32\tst\spill.1bk
672=c:\quake3\source\lcc\x86\win32\tst\spill.2bk
673=c:\quake3\source\lcc\x86\win32\tst\spill.sbk
674=c:\quake3\source\lcc\x86\win32\tst\stdarg.1bk
675=c:\quake3\source\lcc\x86\win32\tst\stdarg.2bk
676=c:\quake3\source\lcc\x86\win32\tst\stdarg.sbk
677=c:\quake3\source\lcc\x86\win32\tst\struct.1bk
678=c:\quake3\source\lcc\x86\win32\tst\struct.2bk
679=c:\quake3\source\lcc\x86\win32\tst\struct.sbk
680=c:\quake3\source\lcc\x86\win32\tst\switch.1bk
681=c:\quake3\source\lcc\x86\win32\tst\switch.2bk
682=c:\quake3\source\lcc\x86\win32\tst\switch.sbk
683=c:\quake3\source\lcc\x86\win32\tst\wf1.1bk
684=c:\quake3\source\lcc\x86\win32\tst\wf1.2bk
685=c:\quake3\source\lcc\x86\win32\tst\wf1.sbk
686=c:\quake3\source\lcc\x86\win32\tst\yacc.1bk
687=c:\quake3\source\lcc\x86\win32\tst\yacc.2bk
688=c:\quake3\source\lcc\x86\win32\tst\yacc.sbk
689=c:\quake3\source\lcc\buildnt.sh
690=c:\quake3\source\q3asm\Makefile
691=c:\quake3\source\q3asm\README.Id
692=c:\quake3\source\q3asm\cmdlib.c
693=c:\quake3\source\q3asm\cmdlib.h
694=c:\quake3\source\q3asm\lib.txt
695=c:\quake3\source\q3asm\mathlib.h
696=c:\quake3\source\q3asm\notes.txt
697=c:\quake3\source\q3asm\ops.txt
698=c:\quake3\source\q3asm\opstrings.h
699=c:\quake3\source\q3asm\q3asm.c
700=c:\quake3\source\q3asm\q3asm.dsw
701=c:\quake3\source\q3asm\qfiles.h
702=c:\quake3\source\q3asm\q3asm.dsp
703=C:\Documents and Settings\All Users\Start Menu\Programs\Quake III Arena and  Quake III Team Arena Game Source\Remove Quake III Arena and  Quake III Team Arena Game Source.lnk
[Strings]
IDS_STRING1=Are you sure you want to completely remove the selected application and all of its components?
IDS_STRING2=Confirm File Deletion
IDS_STRING3=The system indicates that the following shared file is no longer used by any programs.
IDS_STRING4=Remove Shared File?
IDS_STRING5=Uninstall successfully completed.
IDS_STRING6=Uninstall
IDS_STRING7=If any programs are still using this file and it is removed, those programs may not function. Are you sure you want to remove the shared file?
IDS_STRING8=Uninstall was partially successful.
IDS_ADMINPRIVILEGESNEEDED=Administrative privileges are needed to uninstall this software.
IDS_YES=&Yes
IDS_NO=&No
IDS_YESTOALL=Yes to &All
IDS_REMOVINGFILE=Removing File:
